\BOOKMARK [0][-]{chapter*.1}{\315ndice de figuras}{}% 1
\BOOKMARK [0][-]{chapter.1}{Introducci\363n}{}% 2
\BOOKMARK [0][-]{chapter.2}{Justificaci\363n }{}% 3
\BOOKMARK [0][-]{chapter.3}{Objetivos }{}% 4
\BOOKMARK [1][-]{section.3.1}{Objetivos Generales}{chapter.3}% 5
\BOOKMARK [1][-]{section.3.2}{Objetivos Espec\355ficos}{chapter.3}% 6
\BOOKMARK [0][-]{chapter.4}{Caracterizaci\363n Del \301rea En La Que Se Particip\363 }{}% 7
\BOOKMARK [0][-]{chapter.5}{Problemas A Resolver Con Su Respectiva Priorizaci\363n }{}% 8
\BOOKMARK [0][-]{chapter.6}{Aalcances Y Limitaciones }{}% 9
\BOOKMARK [1][-]{section.6.1}{ALCANCES}{chapter.6}% 10
\BOOKMARK [1][-]{section.6.2}{LIMITACIONES}{chapter.6}% 11
\BOOKMARK [0][-]{chapter.7}{Marco Te\363rico }{}% 12
\BOOKMARK [0][-]{chapter.8}{Procedimiento Y Descripci\363n De Las Actividades Realizadas}{}% 13
\BOOKMARK [1][-]{section.8.1}{Creaci\363n Del Ambiente De Desarrolo}{chapter.8}% 14
\BOOKMARK [2][-]{subsection.8.1.1}{Ambiente De Desarrollo}{section.8.1}% 15
\BOOKMARK [2][-]{subsection.8.1.2}{Inicializaci\363n Del Archivo NPM}{section.8.1}% 16
\BOOKMARK [2][-]{subsection.8.1.3}{Inicializaci\363n De Git En Nuestro Proyecto }{section.8.1}% 17
\BOOKMARK [2][-]{subsection.8.1.4}{Configuraci\363n Web-pack}{section.8.1}% 18
\BOOKMARK [2][-]{subsection.8.1.5}{Configuraci\363n Babel}{section.8.1}% 19
\BOOKMARK [2][-]{subsection.8.1.6}{Agregar React Al Proyecto}{section.8.1}% 20
\BOOKMARK [2][-]{subsection.8.1.7}{Configuraci\363n ESLint }{section.8.1}% 21
\BOOKMARK [1][-]{section.8.2}{Desarrollo}{chapter.8}% 22
\BOOKMARK [2][-]{subsection.8.2.1}{Configuraci\363n Archivo Inicial}{section.8.2}% 23
\BOOKMARK [2][-]{subsection.8.2.2}{Elemento Bot\363n}{section.8.2}% 24
\BOOKMARK [2][-]{subsection.8.2.3}{Elemento Label}{section.8.2}% 25
\BOOKMARK [2][-]{subsection.8.2.4}{Elemento Input Tex}{section.8.2}% 26
\BOOKMARK [2][-]{subsection.8.2.5}{Elemento Drop Down}{section.8.2}% 27
\BOOKMARK [2][-]{subsection.8.2.6}{Elemento Radio Button}{section.8.2}% 28
\BOOKMARK [2][-]{subsection.8.2.7}{Elemento Switch}{section.8.2}% 29
\BOOKMARK [2][-]{subsection.8.2.8}{Elemento Table}{section.8.2}% 30
\BOOKMARK [2][-]{subsection.8.2.9}{Elemento CheckBox}{section.8.2}% 31
\BOOKMARK [2][-]{subsection.8.2.10}{Elemento Image}{section.8.2}% 32
\BOOKMARK [2][-]{subsection.8.2.11}{Elemento Loader}{section.8.2}% 33
\BOOKMARK [2][-]{subsection.8.2.12}{Elemento Card}{section.8.2}% 34
\BOOKMARK [2][-]{subsection.8.2.13}{Elemento Modal}{section.8.2}% 35
\BOOKMARK [1][-]{section.8.3}{Test }{chapter.8}% 36
\BOOKMARK [1][-]{section.8.4}{Publicaci\363n de la librer\355a en NPM }{chapter.8}% 37
\BOOKMARK [0][-]{chapter.9}{Pruebas y Resultados}{}% 38
\BOOKMARK [0][-]{chapter.10}{Conclusiones Y Recomendaciones}{}% 39
\BOOKMARK [0][-]{chapter.11}{Fuentes de Informaci\363n}{}% 40
\BOOKMARK [0][-]{chapter.12}{Anexos}{}% 41
