This is pdfTeX, Version 3.14159265-2.6-1.40.21 (TeX Live 2020) (preloaded format=pdflatex 2021.1.30)  30 JAN 2021 20:30
entering extended mode
 restricted \write18 enabled.
 file:line:error style messages enabled.
 %&-line parsing enabled.
**Investigacion.tex
(./Investigacion.tex
LaTeX2e <2020-02-02> patch level 5
L3 programming layer <2020-03-06>
(/usr/local/texlive/2020basic/texmf-dist/tex/latex/base/report.cls
Document Class: report 2019/12/20 v1.4l Standard LaTeX document class
(/usr/local/texlive/2020basic/texmf-dist/tex/latex/base/size12.clo
File: size12.clo 2019/12/20 v1.4l Standard LaTeX file (size option)
)
\c@part=\count167
\c@chapter=\count168
\c@section=\count169
\c@subsection=\count170
\c@subsubsection=\count171
\c@paragraph=\count172
\c@subparagraph=\count173
\c@figure=\count174
\c@table=\count175
\abovecaptionskip=\skip47
\belowcaptionskip=\skip48
\bibindent=\dimen134
)
(/usr/local/texlive/2020basic/texmf-dist/tex/latex/base/fontenc.sty
Package: fontenc 2020/02/11 v2.0o Standard LaTeX package
)
(/usr/local/texlive/2020basic/texmf-dist/tex/generic/babel/babel.sty
Package: babel 2020/03/22 3.42 The Babel package

(/usr/local/texlive/2020basic/texmf-dist/tex/generic/babel/switch.def
File: switch.def 2020/03/22 3.42 Babel switching mechanism
)
(/usr/local/texlive/2020basic/texmf-dist/tex/generic/babel-spanish/spanish.ldf
Language: spanish.ldf 2016/03/03 v5.0p Spanish support from the babel system

(/usr/local/texlive/2020basic/texmf-dist/tex/generic/babel/babel.def
File: babel.def 2020/03/22 3.42 Babel common definitions
\babel@savecnt=\count176
\U@D=\dimen135

(/usr/local/texlive/2020basic/texmf-dist/tex/generic/babel/txtbabel.def)
\bbl@readstream=\read2
\bbl@dirlevel=\count177
)
\es@quottoks=\toks15
\es@quotdepth=\count178
Package babel Info: Making " an active character on input line 561.
Package babel Info: Making . an active character on input line 662.
Package babel Info: Making < an active character on input line 707.
Package babel Info: Making > an active character on input line 707.
))
(/usr/local/texlive/2020basic/texmf-dist/tex/latex/base/inputenc.sty
Package: inputenc 2018/08/11 v1.3c Input encoding file
\inpenc@prehook=\toks16
\inpenc@posthook=\toks17
)
(/usr/local/texlive/2020basic/texmf-dist/tex/latex/setspace/setspace.sty
Package: setspace 2011/12/19 v6.7a set line spacing
)
(/usr/local/texlive/2020basic/texmf-dist/tex/latex/float/float.sty
Package: float 2001/11/08 v1.3d Float enhancements (AL)
\c@float@type=\count179
\float@exts=\toks18
\float@box=\box45
\@float@everytoks=\toks19
\@floatcapt=\box46
)
(/usr/local/texlive/2020basic/texmf-dist/tex/latex/graphics/graphicx.sty
Package: graphicx 2019/11/30 v1.2a Enhanced LaTeX Graphics (DPC,SPQR)

(/usr/local/texlive/2020basic/texmf-dist/tex/latex/graphics/keyval.sty
Package: keyval 2014/10/28 v1.15 key=value parser (DPC)
\KV@toks@=\toks20
)
(/usr/local/texlive/2020basic/texmf-dist/tex/latex/graphics/graphics.sty
Package: graphics 2019/11/30 v1.4a Standard LaTeX Graphics (DPC,SPQR)

(/usr/local/texlive/2020basic/texmf-dist/tex/latex/graphics/trig.sty
Package: trig 2016/01/03 v1.10 sin cos tan (DPC)
)
(/usr/local/texlive/2020basic/texmf-dist/tex/latex/graphics-cfg/graphics.cfg
File: graphics.cfg 2016/06/04 v1.11 sample graphics configuration
)
Package graphics Info: Driver file: pdftex.def on input line 105.

(/usr/local/texlive/2020basic/texmf-dist/tex/latex/graphics-def/pdftex.def
File: pdftex.def 2018/01/08 v1.0l Graphics/color driver for pdftex
))
\Gin@req@height=\dimen136
\Gin@req@width=\dimen137
)
(/usr/local/texlive/2020basic/texmf-dist/tex/latex/geometry/geometry.sty
Package: geometry 2020/01/02 v5.9 Page Geometry

(/usr/local/texlive/2020basic/texmf-dist/tex/generic/iftex/ifvtex.sty
Package: ifvtex 2019/10/25 v1.7 ifvtex legacy package. Use iftex instead.

(/usr/local/texlive/2020basic/texmf-dist/tex/generic/iftex/iftex.sty
Package: iftex 2020/03/06 v1.0d TeX engine tests
))
\Gm@cnth=\count180
\Gm@cntv=\count181
\c@Gm@tempcnt=\count182
\Gm@bindingoffset=\dimen138
\Gm@wd@mp=\dimen139
\Gm@odd@mp=\dimen140
\Gm@even@mp=\dimen141
\Gm@layoutwidth=\dimen142
\Gm@layoutheight=\dimen143
\Gm@layouthoffset=\dimen144
\Gm@layoutvoffset=\dimen145
\Gm@dimlist=\toks21
)
*geometry* verbose mode - [ newgeometry ] result:
* driver: 
* paper: a4paper
* layout: <same size as paper>
* layoutoffset:(h,v)=(0.0pt,0.0pt)
* modes: 
* h-part:(L,W,R)=(85.35826pt, 441.01773pt, 71.13188pt)
* v-part:(T,H,B)=(71.13188pt, 702.78308pt, 71.13188pt)
* \paperwidth=597.50787pt
* \paperheight=845.04684pt
* \textwidth=441.01773pt
* \textheight=702.78308pt
* \oddsidemargin=13.08827pt
* \evensidemargin=13.08827pt
* \topmargin=-38.1381pt
* \headheight=12.0pt
* \headsep=25.0pt
* \topskip=12.0pt
* \footskip=30.0pt
* \marginparwidth=35.0pt
* \marginparsep=10.0pt
* \columnsep=10.0pt
* \skip\footins=10.8pt plus 4.0pt minus 2.0pt
* \hoffset=0.0pt
* \voffset=0.0pt
* \mag=1000
* \@twocolumnfalse
* \@twosidefalse
* \@mparswitchfalse
* \@reversemarginfalse
* (1in=72.27pt=25.4mm, 1cm=28.453pt)



! LaTeX Error: File `titlesec.sty' not found.

Type X to quit or <RETURN> to proceed,
or enter new name. (Default extension: sty)

Enter file name: 

(/usr/local/texlive/2020basic/texmf-dist/tex/latex/l3backend/l3backend-pdfmode.
def
File: l3backend-pdfmode.def 2020-03-12 L3 backend support: PDF mode
\l__kernel_color_stack_int=\count183
\l__pdf_internal_box=\box47
) (./Investigacion.aux
LaTeX Info: Redefining \. on input line 7.
LaTeX Info: Redefining \% on input line 7.


LaTeX Warning: Label `' multiply defined.


LaTeX Warning: Label `' multiply defined.


LaTeX Warning: Label `' multiply defined.


LaTeX Warning: Label `' multiply defined.


LaTeX Warning: Label `' multiply defined.


LaTeX Warning: Label `' multiply defined.


LaTeX Warning: Label `' multiply defined.


LaTeX Warning: Label `' multiply defined.


LaTeX Warning: Label `' multiply defined.


LaTeX Warning: Label `' multiply defined.


LaTeX Warning: Label `' multiply defined.


LaTeX Warning: Label `' multiply defined.


LaTeX Warning: Label `' multiply defined.


LaTeX Warning: Label `' multiply defined.


LaTeX Warning: Label `' multiply defined.


LaTeX Warning: Label `' multiply defined.


LaTeX Warning: Label `' multiply defined.


LaTeX Warning: Label `' multiply defined.


LaTeX Warning: Label `' multiply defined.


LaTeX Warning: Label `' multiply defined.

)
\openout1 = `Investigacion.aux'.

LaTeX Font Info:    Checking defaults for OML/cmm/m/it on input line 31.
LaTeX Font Info:    ... okay on input line 31.
LaTeX Font Info:    Checking defaults for OMS/cmsy/m/n on input line 31.
LaTeX Font Info:    ... okay on input line 31.
LaTeX Font Info:    Checking defaults for OT1/cmr/m/n on input line 31.
LaTeX Font Info:    ... okay on input line 31.
LaTeX Font Info:    Checking defaults for T1/cmr/m/n on input line 31.
LaTeX Font Info:    ... okay on input line 31.
LaTeX Font Info:    Checking defaults for TS1/cmr/m/n on input line 31.
LaTeX Font Info:    ... okay on input line 31.
LaTeX Font Info:    Checking defaults for OMX/cmex/m/n on input line 31.
LaTeX Font Info:    ... okay on input line 31.
LaTeX Font Info:    Checking defaults for U/cmr/m/n on input line 31.
LaTeX Font Info:    ... okay on input line 31.
LaTeX Info: Redefining \. on input line 31.
LaTeX Info: Redefining \% on input line 31.
 (/usr/local/texlive/2020basic/texmf-dist/tex/context/base/mkii/supp-pdf.mkii
[Loading MPS to PDF converter (version 2006.09.02).]
\scratchcounter=\count184
\scratchdimen=\dimen146
\scratchbox=\box48
\nofMPsegments=\count185
\nofMParguments=\count186
\everyMPshowfont=\toks22
\MPscratchCnt=\count187
\MPscratchDim=\dimen147
\MPnumerator=\count188
\makeMPintoPDFobject=\count189
\everyMPtoPDFconversion=\toks23
)
(/usr/local/texlive/2020basic/texmf-dist/tex/latex/epstopdf-pkg/epstopdf-base.s
ty
Package: epstopdf-base 2020-01-24 v2.11 Base part for package epstopdf
Package epstopdf-base Info: Redefining graphics rule for `.eps' on input line 4
85.

(/usr/local/texlive/2020basic/texmf-dist/tex/latex/latexconfig/epstopdf-sys.cfg
File: epstopdf-sys.cfg 2010/07/13 v1.3 Configuration of (r)epstopdf for TeX Liv
e
))
*geometry* driver: auto-detecting
*geometry* detected driver: pdftex
*geometry* verbose mode - [ preamble ] result:
* driver: pdftex
* paper: a4paper
* layout: <same size as paper>
* layoutoffset:(h,v)=(0.0pt,0.0pt)
* modes: 
* h-part:(L,W,R)=(85.35826pt, 441.01773pt, 71.13188pt)
* v-part:(T,H,B)=(71.13188pt, 702.78308pt, 71.13188pt)
* \paperwidth=597.50787pt
* \paperheight=845.04684pt
* \textwidth=441.01773pt
* \textheight=702.78308pt
* \oddsidemargin=13.08827pt
* \evensidemargin=13.08827pt
* \topmargin=-38.1381pt
* \headheight=12.0pt
* \headsep=25.0pt
* \topskip=12.0pt
* \footskip=30.0pt
* \marginparwidth=35.0pt
* \marginparsep=10.0pt
* \columnsep=10.0pt
* \skip\footins=10.8pt plus 4.0pt minus 2.0pt
* \hoffset=0.0pt
* \voffset=0.0pt
* \mag=1000
* \@twocolumnfalse
* \@twosidefalse
* \@mparswitchfalse
* \@reversemarginfalse
* (1in=72.27pt=25.4mm, 1cm=28.453pt)

LaTeX Font Info:    External font `cmex10' loaded for size
(Font)              <14.4> on input line 32.
LaTeX Font Info:    External font `cmex10' loaded for size
(Font)              <7> on input line 32.
LaTeX Font Info:    Trying to load font information for T1+cmtt on input line 3
2.
(/usr/local/texlive/2020basic/texmf-dist/tex/latex/base/t1cmtt.fd
File: t1cmtt.fd 2019/12/16 v2.5j Standard LaTeX font definitions
) [1


{/usr/local/texlive/2020basic/texmf-var/fonts/map/pdftex/updmap/pdftex.map}]
(./Investigacion.toc
LaTeX Info: Redefining \. on input line 1.
LaTeX Info: Redefining \% on input line 1.
LaTeX Font Info:    External font `cmex10' loaded for size
(Font)              <12> on input line 6.
LaTeX Font Info:    External font `cmex10' loaded for size
(Font)              <8> on input line 6.
LaTeX Font Info:    External font `cmex10' loaded for size
(Font)              <6> on input line 6.
 [1

])
\tf@toc=\write3
\openout3 = `Investigacion.toc'.

 [2] (./Investigacion.lof
LaTeX Info: Redefining \. on input line 1.
LaTeX Info: Redefining \% on input line 1.
 [3

])
\tf@lof=\write4
\openout4 = `Investigacion.lof'.

 [4]
Cap\'{\i }tulo 1.
[5

]
Cap\'{\i }tulo 2.
(./Justificacion/justificacion.tex [6

] [7] [8] [9] [10])
Cap\'{\i }tulo 3.
(./Objetivos/objetivosGenerales.tex) (./Objetivos/objetivosEspecificos.tex
[11

])
Cap\'{\i }tulo 4.
(./CaracterizacionAreas/CaracterizacionAreas.tex)
Underfull \hbox (badness 10000) in paragraph at lines 1--53

 []


Underfull \hbox (badness 10000) in paragraph at lines 1--53

 []

[12

]
Cap\'{\i }tulo 5.
(./Problemas/Problemas.tex [13

]) [14]
Cap\'{\i }tulo 6.
(./AlcancesLimitaciones/alcanceslimitaciones.tex
Underfull \hbox (badness 10000) in paragraph at lines 3--7

 []

[15

]

./AlcancesLimitaciones/alcanceslimitaciones.tex:18: LaTeX Error: There's no lin
e here to end.

See the LaTeX manual or LaTeX Companion for explanation.
Type  H <return>  for immediate help.
 ...                                              
                                                  
l.18  \newline
              
? ret
OK, entering \nonstopmode...

Underfull \hbox (badness 10000) in paragraph at lines 19--21

 []


./AlcancesLimitaciones/alcanceslimitaciones.tex:28: LaTeX Error: There's no lin
e here to end.

See the LaTeX manual or LaTeX Companion for explanation.
Type  H <return>  for immediate help.
 ...                                              
                                                  
l.28 \newline
             
Your command was ignored.
Type  I <command> <return>  to replace it with another command,
or  <return>  to continue without it.


Underfull \hbox (badness 10000) in paragraph at lines 29--31

 []


./AlcancesLimitaciones/alcanceslimitaciones.tex:36: LaTeX Error: There's no lin
e here to end.

See the LaTeX manual or LaTeX Companion for explanation.
Type  H <return>  for immediate help.
 ...                                              
                                                  
l.36 \newline
             
Your command was ignored.
Type  I <command> <return>  to replace it with another command,
or  <return>  to continue without it.


Underfull \hbox (badness 10000) in paragraph at lines 41--45

 []

[16]

./AlcancesLimitaciones/alcanceslimitaciones.tex:50: LaTeX Error: There's no lin
e here to end.

See the LaTeX manual or LaTeX Companion for explanation.
Type  H <return>  for immediate help.
 ...                                              
                                                  
l.50 \newline
             
Your command was ignored.
Type  I <command> <return>  to replace it with another command,
or  <return>  to continue without it.

) [17]
Cap\'{\i }tulo 7.
(./MarcoTeorico/marcoTeorico.tex [18

] [19]
<./Imagenes/image16.png, id=73, 1856.9375pt x 626.34pt>
File: ./Imagenes/image16.png Graphic file (type png)
<use ./Imagenes/image16.png>
Package pdftex.def Info: ./Imagenes/image16.png  used on input line 26.
(pdftex.def)             Requested size: 441.01773pt x 148.74773pt.
 [20]
<./Imagenes/image5.png, id=78, 1856.9375pt x 445.665pt>
File: ./Imagenes/image5.png Graphic file (type png)
<use ./Imagenes/image5.png>
Package pdftex.def Info: ./Imagenes/image5.png  used on input line 33.
(pdftex.def)             Requested size: 441.01773pt x 105.83974pt.

Underfull \hbox (badness 10000) in paragraph at lines 29--35

 []


Underfull \hbox (badness 10000) in paragraph at lines 29--35

 []


./MarcoTeorico/marcoTeorico.tex:36: LaTeX Error: There's no line here to end.

See the LaTeX manual or LaTeX Companion for explanation.
Type  H <return>  for immediate help.
 ...                                              
                                                  
l.36        \newline
                    
Your command was ignored.
Type  I <command> <return>  to replace it with another command,
or  <return>  to continue without it.


./MarcoTeorico/marcoTeorico.tex:37: LaTeX Error: There's no line here to end.

See the LaTeX manual or LaTeX Companion for explanation.
Type  H <return>  for immediate help.
 ...                                              
                                                  
l.37        \newline
                    
Your command was ignored.
Type  I <command> <return>  to replace it with another command,
or  <return>  to continue without it.

) [21 <./Imagenes/image16.png> <./Imagenes/image5.png>]
Cap\'{\i }tulo 8.
(./Procedimiento/procedimiento.tex
<./Imagenes/carbon-8.png, id=84, 1760.5775pt x 1240.635pt>
File: ./Imagenes/carbon-8.png Graphic file (type png)
<use ./Imagenes/carbon-8.png>
Package pdftex.def Info: ./Imagenes/carbon-8.png  used on input line 4.
(pdftex.def)             Requested size: 441.01773pt x 310.76376pt.
 [22

]

./Procedimiento/procedimiento.tex:16: LaTeX Error: There's no line here to end.


See the LaTeX manual or LaTeX Companion for explanation.
Type  H <return>  for immediate help.
 ...                                              
                                                  
l.16         \newline
                     
Your command was ignored.
Type  I <command> <return>  to replace it with another command,
or  <return>  to continue without it.

<./Imagenes/carbon-6.png, id=88, 1760.5775pt x 517.935pt>
File: ./Imagenes/carbon-6.png Graphic file (type png)
<use ./Imagenes/carbon-6.png>
Package pdftex.def Info: ./Imagenes/carbon-6.png  used on input line 19.
(pdftex.def)             Requested size: 441.01773pt x 129.73631pt.
[23 <./Imagenes/carbon-8.png>]

./Procedimiento/procedimiento.tex:28: LaTeX Error: There's no line here to end.


See the LaTeX manual or LaTeX Companion for explanation.
Type  H <return>  for immediate help.
 ...                                              
                                                  
l.28         \newline
                     
Your command was ignored.
Type  I <command> <return>  to replace it with another command,
or  <return>  to continue without it.

<./Imagenes/carbon-7.png, id=93, 1760.5775pt x 554.07pt>
File: ./Imagenes/carbon-7.png Graphic file (type png)
<use ./Imagenes/carbon-7.png>
Package pdftex.def Info: ./Imagenes/carbon-7.png  used on input line 31.
(pdftex.def)             Requested size: 441.01773pt x 138.78769pt.

./Procedimiento/procedimiento.tex:34: LaTeX Error: There's no line here to end.


See the LaTeX manual or LaTeX Companion for explanation.
Type  H <return>  for immediate help.
 ...                                              
                                                  
l.34         \newline
                     
Your command was ignored.
Type  I <command> <return>  to replace it with another command,
or  <return>  to continue without it.


./Procedimiento/procedimiento.tex:36: LaTeX Error: \begin{document} ended by \e
nd{enumerate}.

See the LaTeX manual or LaTeX Companion for explanation.
Type  H <return>  for immediate help.
 ...                                              
                                                  
l.36         \end{enumerate}
                            
Your command was ignored.
Type  I <command> <return>  to replace it with another command,
or  <return>  to continue without it.

./Procedimiento/procedimiento.tex:36: Extra \endgroup.
<recently read> \endgroup 
                          
l.36         \end{enumerate}
                            
Things are pretty mixed up, but I think the worst is over.

) (./Procedimiento/ambiente.tex [24 <./Imagenes/carbon-6.png> <./Imagenes/carbo
n-7.png>]

./Procedimiento/ambiente.tex:5: LaTeX Error: There's no line here to end.

See the LaTeX manual or LaTeX Companion for explanation.
Type  H <return>  for immediate help.
 ...                                              
                                                  
l.5     \newline
                
Your command was ignored.
Type  I <command> <return>  to replace it with another command,
or  <return>  to continue without it.

<./Imagenes/image15.png, id=100, 1856.9375pt x 481.8pt>
File: ./Imagenes/image15.png Graphic file (type png)
<use ./Imagenes/image15.png>
Package pdftex.def Info: ./Imagenes/image15.png  used on input line 7.
(pdftex.def)             Requested size: 441.01773pt x 114.42133pt.
<./Imagenes/image7.png, id=101, 1856.9375pt x 445.665pt>
File: ./Imagenes/image7.png Graphic file (type png)
<use ./Imagenes/image7.png>
Package pdftex.def Info: ./Imagenes/image7.png  used on input line 12.
(pdftex.def)             Requested size: 441.01773pt x 105.83974pt.
<./Imagenes/image37.png, id=102, 1760.5775pt x 445.665pt>
File: ./Imagenes/image37.png Graphic file (type png)
<use ./Imagenes/image37.png>
Package pdftex.def Info: ./Imagenes/image37.png  used on input line 19.
(pdftex.def)             Requested size: 441.01773pt x 111.63358pt.

Underfull \hbox (badness 10000) in paragraph at lines 16--24

 []


Underfull \hbox (badness 10000) in paragraph at lines 16--24

 []

[25 <./Imagenes/image15.png> <./Imagenes/image7.png>]
<./Imagenes/image11.png, id=109, 1760.5775pt x 445.665pt>
File: ./Imagenes/image11.png Graphic file (type png)
<use ./Imagenes/image11.png>
Package pdftex.def Info: ./Imagenes/image11.png  used on input line 30.
(pdftex.def)             Requested size: 441.01773pt x 111.63358pt.

Underfull \hbox (badness 10000) in paragraph at lines 26--32

 []


Underfull \hbox (badness 10000) in paragraph at lines 26--32

 []


./Procedimiento/ambiente.tex:34: LaTeX Error: There's no line here to end.

See the LaTeX manual or LaTeX Companion for explanation.
Type  H <return>  for immediate help.
 ...                                              
                                                  
l.34     \newline
                 
Your command was ignored.
Type  I <command> <return>  to replace it with another command,
or  <return>  to continue without it.


./Procedimiento/ambiente.tex:35: LaTeX Error: There's no line here to end.

See the LaTeX manual or LaTeX Companion for explanation.
Type  H <return>  for immediate help.
 ...                                              
                                                  
l.35     \newline
                 
Your command was ignored.
Type  I <command> <return>  to replace it with another command,
or  <return>  to continue without it.

[26 <./Imagenes/image37.png> <./Imagenes/image11.png>]
<./Imagenes/image9.png, id=115, 1080.035pt x 1090.0725pt>
File: ./Imagenes/image9.png Graphic file (type png)
<use ./Imagenes/image9.png>
Package pdftex.def Info: ./Imagenes/image9.png  used on input line 54.
(pdftex.def)             Requested size: 441.01773pt x 445.10297pt.

Underfull \hbox (badness 10000) in paragraph at lines 48--56

 []


Underfull \hbox (badness 10000) in paragraph at lines 48--56

 []

[27]

./Procedimiento/ambiente.tex:57: LaTeX Error: There's no line here to end.

See the LaTeX manual or LaTeX Companion for explanation.
Type  H <return>  for immediate help.
 ...                                              
                                                  
l.57     \newline
                 
Your command was ignored.
Type  I <command> <return>  to replace it with another command,
or  <return>  to continue without it.


./Procedimiento/ambiente.tex:58: LaTeX Error: There's no line here to end.

See the LaTeX manual or LaTeX Companion for explanation.
Type  H <return>  for immediate help.
 ...                                              
                                                  
l.58     \newline
                 
Your command was ignored.
Type  I <command> <return>  to replace it with another command,
or  <return>  to continue without it.

<./Imagenes/image35.png, id=119, 1760.5775pt x 445.665pt>
File: ./Imagenes/image35.png Graphic file (type png)
<use ./Imagenes/image35.png>
Package pdftex.def Info: ./Imagenes/image35.png  used on input line 66.
(pdftex.def)             Requested size: 441.01773pt x 111.63358pt.

Underfull \hbox (badness 10000) in paragraph at lines 61--68

 []


Underfull \hbox (badness 10000) in paragraph at lines 61--68

 []

[28 <./Imagenes/image9.png>]

./Procedimiento/ambiente.tex:69: LaTeX Error: There's no line here to end.

See the LaTeX manual or LaTeX Companion for explanation.
Type  H <return>  for immediate help.
 ...                                              
                                                  
l.69     \newline
                 
Your command was ignored.
Type  I <command> <return>  to replace it with another command,
or  <return>  to continue without it.


./Procedimiento/ambiente.tex:70: LaTeX Error: There's no line here to end.

See the LaTeX manual or LaTeX Companion for explanation.
Type  H <return>  for immediate help.
 ...                                              
                                                  
l.70     \newline
                 
Your command was ignored.
Type  I <command> <return>  to replace it with another command,
or  <return>  to continue without it.

<./Imagenes/image4.png, id=124, 1856.9375pt x 517.935pt>
File: ./Imagenes/image4.png Graphic file (type png)
<use ./Imagenes/image4.png>
Package pdftex.def Info: ./Imagenes/image4.png  used on input line 77.
(pdftex.def)             Requested size: 441.01773pt x 123.00293pt.

Underfull \hbox (badness 10000) in paragraph at lines 71--79

 []


Underfull \hbox (badness 10000) in paragraph at lines 71--79

 []


./Procedimiento/ambiente.tex:80: LaTeX Error: There's no line here to end.

See the LaTeX manual or LaTeX Companion for explanation.
Type  H <return>  for immediate help.
 ...                                              
                                                  
l.80     \newline
                 
Your command was ignored.
Type  I <command> <return>  to replace it with another command,
or  <return>  to continue without it.


./Procedimiento/ambiente.tex:81: LaTeX Error: There's no line here to end.

See the LaTeX manual or LaTeX Companion for explanation.
Type  H <return>  for immediate help.
 ...                                              
                                                  
l.81     \newline
                 
Your command was ignored.
Type  I <command> <return>  to replace it with another command,
or  <return>  to continue without it.

[29 <./Imagenes/image35.png>]
<./Imagenes/image3.png, id=129, 1760.5775pt x 445.665pt>
File: ./Imagenes/image3.png Graphic file (type png)
<use ./Imagenes/image3.png>
Package pdftex.def Info: ./Imagenes/image3.png  used on input line 90.
(pdftex.def)             Requested size: 441.01773pt x 111.63358pt.

Underfull \hbox (badness 10000) in paragraph at lines 84--92

 []


Underfull \hbox (badness 10000) in paragraph at lines 84--92

 []


./Procedimiento/ambiente.tex:93: LaTeX Error: There's no line here to end.

See the LaTeX manual or LaTeX Companion for explanation.
Type  H <return>  for immediate help.
 ...                                              
                                                  
l.93     \newline
                 
Your command was ignored.
Type  I <command> <return>  to replace it with another command,
or  <return>  to continue without it.


./Procedimiento/ambiente.tex:94: LaTeX Error: There's no line here to end.

See the LaTeX manual or LaTeX Companion for explanation.
Type  H <return>  for immediate help.
 ...                                              
                                                  
l.94     \newline
                 
Your command was ignored.
Type  I <command> <return>  to replace it with another command,
or  <return>  to continue without it.

<./Imagenes/image6.png, id=130, 1856.9375pt x 517.935pt>
File: ./Imagenes/image6.png Graphic file (type png)
<use ./Imagenes/image6.png>
Package pdftex.def Info: ./Imagenes/image6.png  used on input line 99.
(pdftex.def)             Requested size: 441.01773pt x 123.00293pt.

Underfull \hbox (badness 10000) in paragraph at lines 95--101

 []


Underfull \hbox (badness 10000) in paragraph at lines 95--101

 []

[30 <./Imagenes/image4.png> <./Imagenes/image3.png>]

./Procedimiento/ambiente.tex:102: LaTeX Error: There's no line here to end.

See the LaTeX manual or LaTeX Companion for explanation.
Type  H <return>  for immediate help.
 ...                                              
                                                  
l.102     \newline
                  
Your command was ignored.
Type  I <command> <return>  to replace it with another command,
or  <return>  to continue without it.


./Procedimiento/ambiente.tex:103: LaTeX Error: There's no line here to end.

See the LaTeX manual or LaTeX Companion for explanation.
Type  H <return>  for immediate help.
 ...                                              
                                                  
l.103     \newline
                  
Your command was ignored.
Type  I <command> <return>  to replace it with another command,
or  <return>  to continue without it.

<./Imagenes/image38.png, id=137, 1760.5775pt x 445.665pt>
File: ./Imagenes/image38.png Graphic file (type png)
<use ./Imagenes/image38.png>
Package pdftex.def Info: ./Imagenes/image38.png  used on input line 113.
(pdftex.def)             Requested size: 441.01773pt x 111.63358pt.

Underfull \hbox (badness 10000) in paragraph at lines 109--115

 []


Underfull \hbox (badness 10000) in paragraph at lines 109--115

 []


./Procedimiento/ambiente.tex:116: LaTeX Error: There's no line here to end.

See the LaTeX manual or LaTeX Companion for explanation.
Type  H <return>  for immediate help.
 ...                                              
                                                  
l.116     \newline
                  
Your command was ignored.
Type  I <command> <return>  to replace it with another command,
or  <return>  to continue without it.

<./Imagenes/image8.png, id=138, 1760.5775pt x 445.665pt>
File: ./Imagenes/image8.png Graphic file (type png)
<use ./Imagenes/image8.png>
Package pdftex.def Info: ./Imagenes/image8.png  used on input line 121.
(pdftex.def)             Requested size: 441.01773pt x 111.63358pt.

Underfull \hbox (badness 10000) in paragraph at lines 117--123

 []


Underfull \hbox (badness 10000) in paragraph at lines 117--123

 []

[31 <./Imagenes/image6.png> <./Imagenes/image38.png>]

./Procedimiento/ambiente.tex:124: LaTeX Error: There's no line here to end.

See the LaTeX manual or LaTeX Companion for explanation.
Type  H <return>  for immediate help.
 ...                                              
                                                  
l.124     \newline
                  
Your command was ignored.
Type  I <command> <return>  to replace it with another command,
or  <return>  to continue without it.


./Procedimiento/ambiente.tex:125: LaTeX Error: There's no line here to end.

See the LaTeX manual or LaTeX Companion for explanation.
Type  H <return>  for immediate help.
 ...                                              
                                                  
l.125     \newline
                  
Your command was ignored.
Type  I <command> <return>  to replace it with another command,
or  <return>  to continue without it.

<./Imagenes/image2.png, id=144, 1856.9375pt x 1601.985pt>
File: ./Imagenes/image2.png Graphic file (type png)
<use ./Imagenes/image2.png>
Package pdftex.def Info: ./Imagenes/image2.png  used on input line 130.
(pdftex.def)             Requested size: 441.01773pt x 380.45094pt.

Underfull \hbox (badness 10000) in paragraph at lines 126--132

 []


Underfull \hbox (badness 10000) in paragraph at lines 126--132

 []


./Procedimiento/ambiente.tex:133: LaTeX Error: There's no line here to end.

See the LaTeX manual or LaTeX Companion for explanation.
Type  H <return>  for immediate help.
 ...                                              
                                                  
l.133     \newline
                  
Your command was ignored.
Type  I <command> <return>  to replace it with another command,
or  <return>  to continue without it.

[32 <./Imagenes/image8.png>] [33 <./Imagenes/image2.png>]
<./Imagenes/image36.png, id=153, 1760.5775pt x 517.935pt>
File: ./Imagenes/image36.png Graphic file (type png)
<use ./Imagenes/image36.png>
Package pdftex.def Info: ./Imagenes/image36.png  used on input line 149.
(pdftex.def)             Requested size: 441.01773pt x 129.73631pt.

Underfull \hbox (badness 10000) in paragraph at lines 144--151

 []


Underfull \hbox (badness 10000) in paragraph at lines 144--151

 []


./Procedimiento/ambiente.tex:152: LaTeX Error: There's no line here to end.

See the LaTeX manual or LaTeX Companion for explanation.
Type  H <return>  for immediate help.
 ...                                              
                                                  
l.152     \newline
                  
Your command was ignored.
Type  I <command> <return>  to replace it with another command,
or  <return>  to continue without it.


./Procedimiento/ambiente.tex:153: LaTeX Error: There's no line here to end.

See the LaTeX manual or LaTeX Companion for explanation.
Type  H <return>  for immediate help.
 ...                                              
                                                  
l.153     \newline
                  
Your command was ignored.
Type  I <command> <return>  to replace it with another command,
or  <return>  to continue without it.

<./Imagenes/image17.png, id=154, 1856.9375pt x 554.07pt>
File: ./Imagenes/image17.png Graphic file (type png)
<use ./Imagenes/image17.png>
Package pdftex.def Info: ./Imagenes/image17.png  used on input line 158.
(pdftex.def)             Requested size: 441.01773pt x 131.58453pt.

Underfull \hbox (badness 10000) in paragraph at lines 154--160

 []


Underfull \hbox (badness 10000) in paragraph at lines 154--160

 []


./Procedimiento/ambiente.tex:161: LaTeX Error: There's no line here to end.

See the LaTeX manual or LaTeX Companion for explanation.
Type  H <return>  for immediate help.
 ...                                              
                                                  
l.161     \newline
                  
Your command was ignored.
Type  I <command> <return>  to replace it with another command,
or  <return>  to continue without it.


./Procedimiento/ambiente.tex:162: LaTeX Error: There's no line here to end.

See the LaTeX manual or LaTeX Companion for explanation.
Type  H <return>  for immediate help.
 ...                                              
                                                  
l.162     \newline
                  
Your command was ignored.
Type  I <command> <return>  to replace it with another command,
or  <return>  to continue without it.

<./Imagenes/image1.png, id=155, 1856.9375pt x 662.475pt>
File: ./Imagenes/image1.png Graphic file (type png)
<use ./Imagenes/image1.png>
Package pdftex.def Info: ./Imagenes/image1.png  used on input line 167.
(pdftex.def)             Requested size: 441.01773pt x 157.32933pt.

Overfull \hbox (25.20728pt too wide) in paragraph at lines 163--169
[]\T1/cmr/m/n/12 Y fi-nal-men-te so-lo de-be-mos agre-gar la si-guien-te con-fi
-gu-ra-ción al ar-chi-vo Web-pack.config.js
 []


Underfull \hbox (badness 10000) in paragraph at lines 163--169

 []


Underfull \hbox (badness 10000) in paragraph at lines 163--169

 []

[34 <./Imagenes/image36.png> <./Imagenes/image17.png>]

./Procedimiento/ambiente.tex:170: LaTeX Error: There's no line here to end.

See the LaTeX manual or LaTeX Companion for explanation.
Type  H <return>  for immediate help.
 ...                                              
                                                  
l.170     \newline
                  
Your command was ignored.
Type  I <command> <return>  to replace it with another command,
or  <return>  to continue without it.


./Procedimiento/ambiente.tex:171: LaTeX Error: There's no line here to end.

See the LaTeX manual or LaTeX Companion for explanation.
Type  H <return>  for immediate help.
 ...                                              
                                                  
l.171     \newline
                  
Your command was ignored.
Type  I <command> <return>  to replace it with another command,
or  <return>  to continue without it.

<./Imagenes/image23.png, id=161, 1760.5775pt x 445.665pt>
File: ./Imagenes/image23.png Graphic file (type png)
<use ./Imagenes/image23.png>
Package pdftex.def Info: ./Imagenes/image23.png  used on input line 180.
(pdftex.def)             Requested size: 441.01773pt x 111.63358pt.

Underfull \hbox (badness 10000) in paragraph at lines 176--182

 []


Underfull \hbox (badness 10000) in paragraph at lines 176--182

 []


./Procedimiento/ambiente.tex:183: LaTeX Error: There's no line here to end.

See the LaTeX manual or LaTeX Companion for explanation.
Type  H <return>  for immediate help.
 ...                                              
                                                  
l.183     \newline
                  
Your command was ignored.
Type  I <command> <return>  to replace it with another command,
or  <return>  to continue without it.


./Procedimiento/ambiente.tex:184: LaTeX Error: There's no line here to end.

See the LaTeX manual or LaTeX Companion for explanation.
Type  H <return>  for immediate help.
 ...                                              
                                                  
l.184     \newline
                  
Your command was ignored.
Type  I <command> <return>  to replace it with another command,
or  <return>  to continue without it.

[35 <./Imagenes/image1.png> <./Imagenes/image23.png>]
<./Imagenes/image14.png, id=167, 1760.5775pt x 554.07pt>
File: ./Imagenes/image14.png Graphic file (type png)
<use ./Imagenes/image14.png>
Package pdftex.def Info: ./Imagenes/image14.png  used on input line 194.
(pdftex.def)             Requested size: 441.01773pt x 138.78769pt.

Underfull \hbox (badness 10000) in paragraph at lines 189--196

 []


Underfull \hbox (badness 10000) in paragraph at lines 189--196

 []


./Procedimiento/ambiente.tex:197: LaTeX Error: There's no line here to end.

See the LaTeX manual or LaTeX Companion for explanation.
Type  H <return>  for immediate help.
 ...                                              
                                                  
l.197     \newline
                  
Your command was ignored.
Type  I <command> <return>  to replace it with another command,
or  <return>  to continue without it.


./Procedimiento/ambiente.tex:198: LaTeX Error: There's no line here to end.

See the LaTeX manual or LaTeX Companion for explanation.
Type  H <return>  for immediate help.
 ...                                              
                                                  
l.198     \newline
                  
Your command was ignored.
Type  I <command> <return>  to replace it with another command,
or  <return>  to continue without it.

<./Imagenes/image32.png, id=168, 1760.5775pt x 445.665pt>
File: ./Imagenes/image32.png Graphic file (type png)
<use ./Imagenes/image32.png>
Package pdftex.def Info: ./Imagenes/image32.png  used on input line 204.
(pdftex.def)             Requested size: 441.01773pt x 111.63358pt.

Underfull \hbox (badness 10000) in paragraph at lines 199--206

 []


Underfull \hbox (badness 10000) in paragraph at lines 199--206

 []


./Procedimiento/ambiente.tex:207: LaTeX Error: There's no line here to end.

See the LaTeX manual or LaTeX Companion for explanation.
Type  H <return>  for immediate help.
 ...                                              
                                                  
l.207     \newline
                  
Your command was ignored.
Type  I <command> <return>  to replace it with another command,
or  <return>  to continue without it.


./Procedimiento/ambiente.tex:208: LaTeX Error: There's no line here to end.

See the LaTeX manual or LaTeX Companion for explanation.
Type  H <return>  for immediate help.
 ...                                              
                                                  
l.208     \newline
                  
Your command was ignored.
Type  I <command> <return>  to replace it with another command,
or  <return>  to continue without it.

[36 <./Imagenes/image14.png>] [37 <./Imagenes/image32.png>])
(./Procedimiento/desarrollo.tex
<./Imagenes/carbon.png, id=178, 1760.5775pt x 409.53pt>
File: ./Imagenes/carbon.png Graphic file (type png)
<use ./Imagenes/carbon.png>
Package pdftex.def Info: ./Imagenes/carbon.png  used on input line 6.
(pdftex.def)             Requested size: 441.01773pt x 102.5822pt.

Underfull \hbox (badness 10000) in paragraph at lines 2--8

 []


Underfull \hbox (badness 10000) in paragraph at lines 2--8

 []


./Procedimiento/desarrollo.tex:9: LaTeX Error: There's no line here to end.

See the LaTeX manual or LaTeX Companion for explanation.
Type  H <return>  for immediate help.
 ...                                              
                                                  
l.9 \newline
            
Your command was ignored.
Type  I <command> <return>  to replace it with another command,
or  <return>  to continue without it.


./Procedimiento/desarrollo.tex:10: LaTeX Error: There's no line here to end.

See the LaTeX manual or LaTeX Companion for explanation.
Type  H <return>  for immediate help.
 ...                                              
                                                  
l.10 \newline
             
Your command was ignored.
Type  I <command> <return>  to replace it with another command,
or  <return>  to continue without it.

<./Imagenes/carbon-2.png, id=179, 1760.5775pt x 662.475pt>
File: ./Imagenes/carbon-2.png Graphic file (type png)
<use ./Imagenes/carbon-2.png>
Package pdftex.def Info: ./Imagenes/carbon-2.png  used on input line 15.
(pdftex.def)             Requested size: 441.01773pt x 165.94182pt.

Underfull \hbox (badness 10000) in paragraph at lines 11--17

 []


Underfull \hbox (badness 10000) in paragraph at lines 11--17

 []


./Procedimiento/desarrollo.tex:18: LaTeX Error: There's no line here to end.

See the LaTeX manual or LaTeX Companion for explanation.
Type  H <return>  for immediate help.
 ...                                              
                                                  
l.18 \newline
             
Your command was ignored.
Type  I <command> <return>  to replace it with another command,
or  <return>  to continue without it.


./Procedimiento/desarrollo.tex:19: LaTeX Error: There's no line here to end.

See the LaTeX manual or LaTeX Companion for explanation.
Type  H <return>  for immediate help.
 ...                                              
                                                  
l.19 \newline
             
Your command was ignored.
Type  I <command> <return>  to replace it with another command,
or  <return>  to continue without it.

[38 <./Imagenes/carbon.png>]
<./Imagenes/carbon-3.png, id=184, 1760.5775pt x 409.53pt>
File: ./Imagenes/carbon-3.png Graphic file (type png)
<use ./Imagenes/carbon-3.png>
Package pdftex.def Info: ./Imagenes/carbon-3.png  used on input line 31.
(pdftex.def)             Requested size: 441.01773pt x 102.5822pt.

Underfull \hbox (badness 10000) in paragraph at lines 27--33

 []


Underfull \hbox (badness 10000) in paragraph at lines 27--33

 []


./Procedimiento/desarrollo.tex:34: LaTeX Error: There's no line here to end.

See the LaTeX manual or LaTeX Companion for explanation.
Type  H <return>  for immediate help.
 ...                                              
                                                  
l.34 \newline
             
Your command was ignored.
Type  I <command> <return>  to replace it with another command,
or  <return>  to continue without it.


./Procedimiento/desarrollo.tex:35: LaTeX Error: There's no line here to end.

See the LaTeX manual or LaTeX Companion for explanation.
Type  H <return>  for immediate help.
 ...                                              
                                                  
l.35 \newline
             
Your command was ignored.
Type  I <command> <return>  to replace it with another command,
or  <return>  to continue without it.

<./Imagenes/carbon-5.png, id=185, 1760.5775pt x 481.8pt>
File: ./Imagenes/carbon-5.png Graphic file (type png)
<use ./Imagenes/carbon-5.png>
Package pdftex.def Info: ./Imagenes/carbon-5.png  used on input line 40.
(pdftex.def)             Requested size: 441.01773pt x 120.68495pt.

Underfull \hbox (badness 10000) in paragraph at lines 36--42

 []


Underfull \hbox (badness 10000) in paragraph at lines 36--42

 []

[39 <./Imagenes/carbon-2.png> <./Imagenes/carbon-3.png>]

./Procedimiento/desarrollo.tex:43: LaTeX Error: There's no line here to end.

See the LaTeX manual or LaTeX Companion for explanation.
Type  H <return>  for immediate help.
 ...                                              
                                                  
l.43 \newline
             
Your command was ignored.
Type  I <command> <return>  to replace it with another command,
or  <return>  to continue without it.


./Procedimiento/desarrollo.tex:44: LaTeX Error: There's no line here to end.

See the LaTeX manual or LaTeX Companion for explanation.
Type  H <return>  for immediate help.
 ...                                              
                                                  
l.44 \newline
             
Your command was ignored.
Type  I <command> <return>  to replace it with another command,
or  <return>  to continue without it.


Underfull \hbox (badness 10000) in paragraph at lines 45--49

 []


Underfull \hbox (badness 10000) in paragraph at lines 45--49

 []

[40 <./Imagenes/carbon-5.png>]

./Procedimiento/desarrollo.tex:72: LaTeX Error: There's no line here to end.

See the LaTeX manual or LaTeX Companion for explanation.
Type  H <return>  for immediate help.
 ...                                              
                                                  
l.72 \newline
             
Your command was ignored.
Type  I <command> <return>  to replace it with another command,
or  <return>  to continue without it.


./Procedimiento/desarrollo.tex:73: LaTeX Error: There's no line here to end.

See the LaTeX manual or LaTeX Companion for explanation.
Type  H <return>  for immediate help.
 ...                                              
                                                  
l.73 \newline
             
Your command was ignored.
Type  I <command> <return>  to replace it with another command,
or  <return>  to continue without it.


./Procedimiento/desarrollo.tex:74: LaTeX Error: There's no line here to end.

See the LaTeX manual or LaTeX Companion for explanation.
Type  H <return>  for immediate help.
 ...                                              
                                                  
l.74 \newline
             
Your command was ignored.
Type  I <command> <return>  to replace it with another command,
or  <return>  to continue without it.

<./Imagenes/carbon-9.png, id=195, 1760.5775pt x 1782.66pt>
File: ./Imagenes/carbon-9.png Graphic file (type png)
<use ./Imagenes/carbon-9.png>
Package pdftex.def Info: ./Imagenes/carbon-9.png  used on input line 86.
(pdftex.def)             Requested size: 441.01773pt x 446.53435pt.

Underfull \hbox (badness 10000) in paragraph at lines 81--88

 []


Underfull \hbox (badness 10000) in paragraph at lines 81--88

 []

[41]

./Procedimiento/desarrollo.tex:89: LaTeX Error: There's no line here to end.

See the LaTeX manual or LaTeX Companion for explanation.
Type  H <return>  for immediate help.
 ...                                              
                                                  
l.89 \newline
             
Your command was ignored.
Type  I <command> <return>  to replace it with another command,
or  <return>  to continue without it.


./Procedimiento/desarrollo.tex:90: LaTeX Error: There's no line here to end.

See the LaTeX manual or LaTeX Companion for explanation.
Type  H <return>  for immediate help.
 ...                                              
                                                  
l.90 \newline
             
Your command was ignored.
Type  I <command> <return>  to replace it with another command,
or  <return>  to continue without it.

<./Imagenes/image26.png, id=199, 1760.5775pt x 770.88pt>
File: ./Imagenes/image26.png Graphic file (type png)
<use ./Imagenes/image26.png>
Package pdftex.def Info: ./Imagenes/image26.png  used on input line 97.
(pdftex.def)             Requested size: 441.01773pt x 193.09593pt.

Underfull \hbox (badness 10000) in paragraph at lines 91--99

 []


Underfull \hbox (badness 10000) in paragraph at lines 91--99

 []

[42 <./Imagenes/carbon-9.png>]

./Procedimiento/desarrollo.tex:100: LaTeX Error: There's no line here to end.

See the LaTeX manual or LaTeX Companion for explanation.
Type  H <return>  for immediate help.
 ...                                              
                                                  
l.100 \newline
              
Your command was ignored.
Type  I <command> <return>  to replace it with another command,
or  <return>  to continue without it.


./Procedimiento/desarrollo.tex:101: LaTeX Error: There's no line here to end.

See the LaTeX manual or LaTeX Companion for explanation.
Type  H <return>  for immediate help.
 ...                                              
                                                  
l.101 \newline
              
Your command was ignored.
Type  I <command> <return>  to replace it with another command,
or  <return>  to continue without it.


Underfull \hbox (badness 10000) in paragraph at lines 106--109

 []


Underfull \hbox (badness 2050) in paragraph at lines 114--114
[]\T1/cmr/m/n/12 Este pa-rá-me-tro in-di-ca el
 []


Underfull \hbox (badness 2245) in paragraph at lines 116--116
[]\T1/cmr/m/n/12 Indicamos el ta-ma-ño del
 []

[43 <./Imagenes/image26.png>]

./Procedimiento/desarrollo.tex:124: LaTeX Error: There's no line here to end.

See the LaTeX manual or LaTeX Companion for explanation.
Type  H <return>  for immediate help.
 ...                                              
                                                  
l.124 \newline
              
Your command was ignored.
Type  I <command> <return>  to replace it with another command,
or  <return>  to continue without it.


./Procedimiento/desarrollo.tex:125: LaTeX Error: There's no line here to end.

See the LaTeX manual or LaTeX Companion for explanation.
Type  H <return>  for immediate help.
 ...                                              
                                                  
l.125 \newline
              
Your command was ignored.
Type  I <command> <return>  to replace it with another command,
or  <return>  to continue without it.

<./Imagenes/carbon-11.png, id=209, 1760.5775pt x 879.285pt>
File: ./Imagenes/carbon-11.png Graphic file (type png)
<use ./Imagenes/carbon-11.png>
Package pdftex.def Info: ./Imagenes/carbon-11.png  used on input line 130.
(pdftex.def)             Requested size: 441.01773pt x 220.25005pt.

Underfull \hbox (badness 10000) in paragraph at lines 126--132

 []


Underfull \hbox (badness 10000) in paragraph at lines 126--132

 []


./Procedimiento/desarrollo.tex:133: LaTeX Error: There's no line here to end.

See the LaTeX manual or LaTeX Companion for explanation.
Type  H <return>  for immediate help.
 ...                                              
                                                  
l.133 \newline
              
Your command was ignored.
Type  I <command> <return>  to replace it with another command,
or  <return>  to continue without it.


./Procedimiento/desarrollo.tex:134: LaTeX Error: There's no line here to end.

See the LaTeX manual or LaTeX Companion for explanation.
Type  H <return>  for immediate help.
 ...                                              
                                                  
l.134 \newline
              
Your command was ignored.
Type  I <command> <return>  to replace it with another command,
or  <return>  to continue without it.

[44]
Underfull \hbox (badness 10000) in paragraph at lines 139--143

 []


Underfull \hbox (badness 10000) in paragraph at lines 139--143

 []

[45 <./Imagenes/carbon-11.png>]

./Procedimiento/desarrollo.tex:162: LaTeX Error: There's no line here to end.

See the LaTeX manual or LaTeX Companion for explanation.
Type  H <return>  for immediate help.
 ...                                              
                                                  
l.162 \newline
              
Your command was ignored.
Type  I <command> <return>  to replace it with another command,
or  <return>  to continue without it.


./Procedimiento/desarrollo.tex:163: LaTeX Error: There's no line here to end.

See the LaTeX manual or LaTeX Companion for explanation.
Type  H <return>  for immediate help.
 ...                                              
                                                  
l.163 \newline
              
Your command was ignored.
Type  I <command> <return>  to replace it with another command,
or  <return>  to continue without it.

<./Imagenes/carbon-12.png, id=217, 1760.5775pt x 1963.335pt>
File: ./Imagenes/carbon-12.png Graphic file (type png)
<use ./Imagenes/carbon-12.png>
Package pdftex.def Info: ./Imagenes/carbon-12.png  used on input line 170.
(pdftex.def)             Requested size: 441.01773pt x 491.79121pt.

Underfull \hbox (badness 10000) in paragraph at lines 164--172

 []


Underfull \hbox (badness 10000) in paragraph at lines 164--172

 []

[46]

./Procedimiento/desarrollo.tex:173: LaTeX Error: There's no line here to end.

See the LaTeX manual or LaTeX Companion for explanation.
Type  H <return>  for immediate help.
 ...                                              
                                                  
l.173 \newline
              
Your command was ignored.
Type  I <command> <return>  to replace it with another command,
or  <return>  to continue without it.


./Procedimiento/desarrollo.tex:174: LaTeX Error: There's no line here to end.

See the LaTeX manual or LaTeX Companion for explanation.
Type  H <return>  for immediate help.
 ...                                              
                                                  
l.174 \newline
              
Your command was ignored.
Type  I <command> <return>  to replace it with another command,
or  <return>  to continue without it.

) (./Procedimiento/test.tex) [47 <./Imagenes/carbon-12.png>] [48]
Cap\'{\i }tulo 9.
[49

]
Cap\'{\i }tulo 10.
[50

]
Cap\'{\i }tulo 11.
(./Bibliografia/bibliografia.tex [51

]
./Bibliografia/bibliografia.tex:3: Misplaced alignment tab character &.
l.3 \bibitem{} Banks, A., &
                            Porcello, E. (2017). Learning REACT Functional W...
I can't figure out why you would want to use a tab mark
here. If you just want an ampersand, the remedy is
simple: Just type `I\&' now. But if some right brace
up above has ended a previous alignment prematurely,
you're probably due for more error messages, and you
might try typing `S' now just to see what is salvageable.


Underfull \hbox (badness 10000) in paragraph at lines 5--6
[]\T1/cmr/m/n/12 Coyier, C. (2013). SASS FOR WEB DE-SIG-NERS.
 []

./Bibliografia/bibliografia.tex:11: Misplaced alignment tab character &.
l.11 ...ovina Kula, R., Ouni, A., M. German, D., &
                                                   Inoue, K. (2017, septiemb...
I can't figure out why you would want to use a tab mark
here. If you just want an ampersand, the remedy is
simple: Just type `I\&' now. But if some right brace
up above has ended a previous alignment prematurely,
you're probably due for more error messages, and you
might try typing `S' now just to see what is salvageable.


Underfull \hbox (badness 10000) in paragraph at lines 13--14
[]\T1/cmr/m/n/12 Gallegos, G. (2017, 20 oc-tu-bre). Pa-ra que es Web-pack? Me-d
ium.
 []


Underfull \hbox (badness 10000) in paragraph at lines 15--16
[]\T1/cmr/m/n/12 Hudson, P. (2016). Hac-king with REACT [Li-bro elec-tró-ni-co]
.
 []


Underfull \hbox (badness 10000) in paragraph at lines 17--18
[]\T1/cmr/m/n/12 JAVASCRIPT. (2020, 11 agos-to). Do-cu-men-ta-ción web de MDN.
 []


Underfull \hbox (badness 10000) in paragraph at lines 21--22
[]\T1/cmr/m/n/12 Mobile-first in-de-xing best prac-ti-ces. (s. f.). Goo-gle De-
ve-lo-pers.
 []

[52

]
Underfull \hbox (badness 10000) in paragraph at lines 32--33
[]\T1/cmr/m/n/12 ¾Qué es el open sour-ce? (2020). Red Hat.
 []

./Bibliografia/bibliografia.tex:40: You can't use `macro parameter character #'
 in horizontal mode.
l.40 ...://insights.stackoverflow.com/survey/2020#
                                                  overview
Sorry, but I'm not programmed to handle this case;
I'll just pretend that you didn't ask for it.
If you're in the wrong mode, you might be able to
return to the right one by typing `I}' or `I$' or `I\par'.


Underfull \hbox (badness 10000) in paragraph at lines 40--41
[]\T1/cmr/m/n/12 Stack Over-flow De-ve-lo-per Sur-vey 2020. (2020). Stack Over-
flow.
 []


Underfull \hbox (badness 10000) in paragraph at lines 42--43
\T1/cmr/m/n/12 ebook-enterprise-open-source-a-practical-introduction-teaches-en
terprises-how-
 []

./Bibliografia/bibliografia.tex:44: Missing $ inserted.
<inserted text> 
                $
l.44 .... https://www.w3schools.com/whatis/whatis_
                                                  npm.asp
I've inserted a begin-math/end-math symbol since I think
you left one out. Proceed, with fingers crossed.

./Bibliografia/bibliografia.tex:45: Missing $ inserted.
<inserted text> 
                $
l.45 
     
I've inserted a begin-math/end-math symbol since I think
you left one out. Proceed, with fingers crossed.

./Bibliografia/bibliografia.tex:45: Missing } inserted.
<inserted text> 
                }
l.45 
     
I've inserted something that you may have forgotten.
(See the <inserted text> above.)
With luck, this will get me unwedged. But if you
really didn't forget anything, try typing `2' now; then
my insertion and my current dilemma will both disappear.


Overfull \hbox (20.52563pt too wide) in paragraph at lines 44--45
[]\T1/cmr/m/n/12 What is npm. (2020). w3schools. https://www.w3schools.com/what
is/whatis$[]\OML/cmm/m/it/12 pm:asp[]$ 
 []

./Bibliografia/bibliografia.tex:45: Extra }, or forgotten \endgroup.
\par ...m \@noitemerr {\@@par }\fi \else {\@@par }
                                                  \fi 
l.45 
     
I've deleted a group-closing symbol because it seems to be
spurious, as in `$x}$'. But perhaps the } is legitimate and
you forgot something else, as in `\hbox{$x}'. In such cases
the way to recover is to insert both the forgotten and the
deleted material, e.g., by typing `I$}'.

[53]) [54]
Cap\'{\i }tulo 12.
[55

] (./Investigacion.aux
LaTeX Info: Redefining \. on input line 7.
LaTeX Info: Redefining \% on input line 7.
)

LaTeX Warning: There were multiply-defined labels.

 ) 
Here is how much of TeX's memory you used:
 3327 strings out of 482056
 49213 string characters out of 5937675
 300221 words of memory out of 5000000
 18909 multiletter control sequences out of 15000+600000
 543583 words of font info for 47 fonts, out of 8000000 for 9000
 319 hyphenation exceptions out of 8191
 30i,8n,35p,1264b,393s stack positions out of 5000i,500n,10000p,200000b,80000s
 </Users/fernandogarciacorona/Library/texlive/2020basic/texmf-var/fonts/pk/lj
four/jknappen/ec/tcrm1200.600pk> </Users/fernandogarciacorona/Library/texlive/2
020basic/texmf-var/fonts/pk/ljfour/jknappen/ec/ecbx1440.600pk> </Users/fernando
garciacorona/Library/texlive/2020basic/texmf-var/fonts/pk/ljfour/jknappen/ec/ec
bx1728.600pk> </Users/fernandogarciacorona/Library/texlive/2020basic/texmf-var/
fonts/pk/ljfour/jknappen/ec/ecrm1200.600pk> </Users/fernandogarciacorona/Librar
y/texlive/2020basic/texmf-var/fonts/pk/ljfour/jknappen/ec/ecbx1200.600pk> </Use
rs/fernandogarciacorona/Library/texlive/2020basic/texmf-var/fonts/pk/ljfour/jkn
appen/ec/ecbx2488.600pk> </Users/fernandogarciacorona/Library/texlive/2020basic
/texmf-var/fonts/pk/ljfour/jknappen/ec/ectt1440.600pk> </Users/fernandogarciaco
rona/Library/texlive/2020basic/texmf-var/fonts/pk/ljfour/jknappen/ec/ecrm1440.6
00pk> </Users/fernandogarciacorona/Library/texlive/2020basic/texmf-var/fonts/pk
/ljfour/jknappen/ec/ecrm2074.600pk></usr/local/texlive/2020basic/texmf-dist/fon
ts/type1/public/amsfonts/cm/cmmi12.pfb></usr/local/texlive/2020basic/texmf-dist
/fonts/type1/public/amsfonts/cm/cmmi8.pfb>
Output written on Investigacion.pdf (56 pages, 2092007 bytes).
PDF statistics:
 655 PDF objects out of 1000 (max. 8388607)
 169 compressed objects within 2 object streams
 0 named destinations out of 1000 (max. 500000)
 156 words of extra memory for PDF output out of 10000 (max. 10000000)

