This is pdfTeX, Version 3.14159265-2.6-1.40.21 (TeX Live 2020) (preloaded format=pdflatex 2021.1.30)  30 JAN 2021 17:55
entering extended mode
 restricted \write18 enabled.
 file:line:error style messages enabled.
 %&-line parsing enabled.
**ambiente.tex
(./ambiente.tex
LaTeX2e <2020-02-02> patch level 5
L3 programming layer <2020-03-06>
./ambiente.tex:1: Undefined control sequence.
l.1 \subsection
               {Ambiente De Desarrollo}
? 
./ambiente.tex:1: Emergency stop.
l.1 \subsection
               {Ambiente De Desarrollo}
End of file on the terminal!

 
Here is how much of TeX's memory you used:
 16 strings out of 482056
 386 string characters out of 5937675
 235851 words of memory out of 5000000
 15799 multiletter control sequences out of 15000+600000
 532338 words of font info for 24 fonts, out of 8000000 for 9000
 319 hyphenation exceptions out of 8191
 12i,0n,15p,79b,8s stack positions out of 5000i,500n,10000p,200000b,80000s
./ambiente.tex:1:  ==> Fatal error occurred, no output PDF file produced!
